<?xml version="1.0" encoding="UTF-8"?>
<testng-results skipped="0" failed="0" ignored="0" total="1" passed="1">
  <reporter-output>
  </reporter-output>
  <suite name="Default suite" duration-ms="73853" started-at="2018-09-09T05:13:48Z" finished-at="2018-09-09T05:15:02Z">
    <groups>
      <group name="cucumber">
        <method signature="AbstractTestNGCucumberTests.feature(cucumber.api.testng.CucumberFeatureWrapper)[pri:0, instance:com.runner.AmazonRunner@27e5b378]" name="feature" class="cucumber.api.testng.AbstractTestNGCucumberTests"/>
      </group> <!-- cucumber -->
    </groups>
    <test name="Default test" duration-ms="73853" started-at="2018-09-09T05:13:48Z" finished-at="2018-09-09T05:15:02Z">
      <class name="com.runner.AmazonRunner">
        <test-method status="PASS" signature="setUpClass()[pri:0, instance:com.runner.AmazonRunner@27e5b378]" name="setUpClass" is-config="true" duration-ms="769" started-at="2018-09-09T01:13:48Z" finished-at="2018-09-09T01:13:49Z">
          <reporter-output>
          </reporter-output>
        </test-method> <!-- setUpClass -->
        <test-method status="PASS" signature="feature(cucumber.api.testng.CucumberFeatureWrapper)[pri:0, instance:com.runner.AmazonRunner@27e5b378]" name="feature" duration-ms="72605" started-at="2018-09-09T01:13:49Z" description="Runs Cucumber Feature" data-provider="features" finished-at="2018-09-09T01:15:02Z">
          <params>
            <param index="0">
              <value>
                <![CDATA[Amazon information validation]]>
              </value>
            </param>
          </params>
          <reporter-output>
          </reporter-output>
        </test-method> <!-- feature -->
        <test-method status="PASS" signature="tearDownClass()[pri:0, instance:com.runner.AmazonRunner@27e5b378]" name="tearDownClass" is-config="true" duration-ms="61" started-at="2018-09-09T01:15:02Z" finished-at="2018-09-09T01:15:02Z">
          <reporter-output>
          </reporter-output>
        </test-method> <!-- tearDownClass -->
      </class> <!-- com.runner.AmazonRunner -->
    </test> <!-- Default test -->
  </suite> <!-- Default suite -->
</testng-results>
